C:\USERS\JUANKA\DESKTOP\TRATAMIENTO IMAGENES\PRáCTICASTDI\DEBUG\TDI.EXE
C:\USERS\JUANKA\DESKTOP\TRATAMIENTO IMAGENES\PRáCTICASTDI\DEBUG\TDI.ILK
C:\USERS\JUANKA\DESKTOP\TRATAMIENTO IMAGENES\PRÁCTICASTDI\DEBUG\TDI.PDB
C:\Users\Juanka\Desktop\Tratamiento imagenes\prácticasTDI\TDI\Debug\cl.command.1.tlog
C:\Users\Juanka\Desktop\Tratamiento imagenes\prácticasTDI\TDI\Debug\CL.read.1.tlog
C:\Users\Juanka\Desktop\Tratamiento imagenes\prácticasTDI\TDI\Debug\CL.write.1.tlog
C:\Users\Juanka\Desktop\Tratamiento imagenes\prácticasTDI\TDI\Debug\link.1624.read.1.tlog
C:\Users\Juanka\Desktop\Tratamiento imagenes\prácticasTDI\TDI\Debug\link.1624.read.2.tlog
C:\Users\Juanka\Desktop\Tratamiento imagenes\prácticasTDI\TDI\Debug\link.1624.write.1.tlog
C:\Users\Juanka\Desktop\Tratamiento imagenes\prácticasTDI\TDI\Debug\link.1624-cvtres.read.1.tlog
C:\Users\Juanka\Desktop\Tratamiento imagenes\prácticasTDI\TDI\Debug\link.1624-cvtres.write.1.tlog
C:\Users\Juanka\Desktop\Tratamiento imagenes\prácticasTDI\TDI\Debug\link.17688.read.1.tlog
C:\Users\Juanka\Desktop\Tratamiento imagenes\prácticasTDI\TDI\Debug\link.17688.read.2.tlog
C:\Users\Juanka\Desktop\Tratamiento imagenes\prácticasTDI\TDI\Debug\link.17688.write.1.tlog
C:\Users\Juanka\Desktop\Tratamiento imagenes\prácticasTDI\TDI\Debug\link.17688-cvtres.read.1.tlog
C:\Users\Juanka\Desktop\Tratamiento imagenes\prácticasTDI\TDI\Debug\link.17688-cvtres.write.1.tlog
C:\Users\Juanka\Desktop\Tratamiento imagenes\prácticasTDI\TDI\Debug\link.17736.read.1.tlog
C:\Users\Juanka\Desktop\Tratamiento imagenes\prácticasTDI\TDI\Debug\link.17736.read.2.tlog
C:\Users\Juanka\Desktop\Tratamiento imagenes\prácticasTDI\TDI\Debug\link.17736.write.1.tlog
C:\Users\Juanka\Desktop\Tratamiento imagenes\prácticasTDI\TDI\Debug\link.17736-cvtres.read.1.tlog
C:\Users\Juanka\Desktop\Tratamiento imagenes\prácticasTDI\TDI\Debug\link.17736-cvtres.write.1.tlog
C:\Users\Juanka\Desktop\Tratamiento imagenes\prácticasTDI\TDI\Debug\link.17800.read.1.tlog
C:\Users\Juanka\Desktop\Tratamiento imagenes\prácticasTDI\TDI\Debug\link.17800.read.2.tlog
C:\Users\Juanka\Desktop\Tratamiento imagenes\prácticasTDI\TDI\Debug\link.17800.write.1.tlog
C:\Users\Juanka\Desktop\Tratamiento imagenes\prácticasTDI\TDI\Debug\link.17800-cvtres.read.1.tlog
C:\Users\Juanka\Desktop\Tratamiento imagenes\prácticasTDI\TDI\Debug\link.17800-cvtres.write.1.tlog
C:\Users\Juanka\Desktop\Tratamiento imagenes\prácticasTDI\TDI\Debug\link.2268.read.1.tlog
C:\Users\Juanka\Desktop\Tratamiento imagenes\prácticasTDI\TDI\Debug\link.2268.read.2.tlog
C:\Users\Juanka\Desktop\Tratamiento imagenes\prácticasTDI\TDI\Debug\link.2268.write.1.tlog
C:\Users\Juanka\Desktop\Tratamiento imagenes\prácticasTDI\TDI\Debug\link.2268-cvtres.read.1.tlog
C:\Users\Juanka\Desktop\Tratamiento imagenes\prácticasTDI\TDI\Debug\link.2268-cvtres.write.1.tlog
C:\Users\Juanka\Desktop\Tratamiento imagenes\prácticasTDI\TDI\Debug\link.2552.read.1.tlog
C:\Users\Juanka\Desktop\Tratamiento imagenes\prácticasTDI\TDI\Debug\link.2552.read.2.tlog
C:\Users\Juanka\Desktop\Tratamiento imagenes\prácticasTDI\TDI\Debug\link.2552.write.1.tlog
C:\Users\Juanka\Desktop\Tratamiento imagenes\prácticasTDI\TDI\Debug\link.2552-cvtres.read.1.tlog
C:\Users\Juanka\Desktop\Tratamiento imagenes\prácticasTDI\TDI\Debug\link.2552-cvtres.write.1.tlog
C:\Users\Juanka\Desktop\Tratamiento imagenes\prácticasTDI\TDI\Debug\link.3172.read.1.tlog
C:\Users\Juanka\Desktop\Tratamiento imagenes\prácticasTDI\TDI\Debug\link.3172.read.2.tlog
C:\Users\Juanka\Desktop\Tratamiento imagenes\prácticasTDI\TDI\Debug\link.3172.write.1.tlog
C:\Users\Juanka\Desktop\Tratamiento imagenes\prácticasTDI\TDI\Debug\link.3172-cvtres.read.1.tlog
C:\Users\Juanka\Desktop\Tratamiento imagenes\prácticasTDI\TDI\Debug\link.3172-cvtres.write.1.tlog
C:\Users\Juanka\Desktop\Tratamiento imagenes\prácticasTDI\TDI\Debug\link.4596.read.1.tlog
C:\Users\Juanka\Desktop\Tratamiento imagenes\prácticasTDI\TDI\Debug\link.4596.read.2.tlog
C:\Users\Juanka\Desktop\Tratamiento imagenes\prácticasTDI\TDI\Debug\link.4596.write.1.tlog
C:\Users\Juanka\Desktop\Tratamiento imagenes\prácticasTDI\TDI\Debug\link.4596-cvtres.read.1.tlog
C:\Users\Juanka\Desktop\Tratamiento imagenes\prácticasTDI\TDI\Debug\link.4596-cvtres.write.1.tlog
C:\Users\Juanka\Desktop\Tratamiento imagenes\prácticasTDI\TDI\Debug\link.4692.read.1.tlog
C:\Users\Juanka\Desktop\Tratamiento imagenes\prácticasTDI\TDI\Debug\link.4692.read.2.tlog
C:\Users\Juanka\Desktop\Tratamiento imagenes\prácticasTDI\TDI\Debug\link.4692.write.1.tlog
C:\Users\Juanka\Desktop\Tratamiento imagenes\prácticasTDI\TDI\Debug\link.4692-cvtres.read.1.tlog
C:\Users\Juanka\Desktop\Tratamiento imagenes\prácticasTDI\TDI\Debug\link.4692-cvtres.write.1.tlog
C:\Users\Juanka\Desktop\Tratamiento imagenes\prácticasTDI\TDI\Debug\link.4740.read.1.tlog
C:\Users\Juanka\Desktop\Tratamiento imagenes\prácticasTDI\TDI\Debug\link.4740.read.2.tlog
C:\Users\Juanka\Desktop\Tratamiento imagenes\prácticasTDI\TDI\Debug\link.4740.write.1.tlog
C:\Users\Juanka\Desktop\Tratamiento imagenes\prácticasTDI\TDI\Debug\link.4740-cvtres.read.1.tlog
C:\Users\Juanka\Desktop\Tratamiento imagenes\prácticasTDI\TDI\Debug\link.4740-cvtres.write.1.tlog
C:\Users\Juanka\Desktop\Tratamiento imagenes\prácticasTDI\TDI\Debug\link.4972.read.1.tlog
C:\Users\Juanka\Desktop\Tratamiento imagenes\prácticasTDI\TDI\Debug\link.4972.read.2.tlog
C:\Users\Juanka\Desktop\Tratamiento imagenes\prácticasTDI\TDI\Debug\link.4972.write.1.tlog
C:\Users\Juanka\Desktop\Tratamiento imagenes\prácticasTDI\TDI\Debug\link.4972-cvtres.read.1.tlog
C:\Users\Juanka\Desktop\Tratamiento imagenes\prácticasTDI\TDI\Debug\link.4972-cvtres.write.1.tlog
C:\Users\Juanka\Desktop\Tratamiento imagenes\prácticasTDI\TDI\Debug\link.command.1.tlog
C:\Users\Juanka\Desktop\Tratamiento imagenes\prácticasTDI\TDI\Debug\link.read.1.tlog
C:\Users\Juanka\Desktop\Tratamiento imagenes\prácticasTDI\TDI\Debug\link.read.2.tlog
C:\Users\Juanka\Desktop\Tratamiento imagenes\prácticasTDI\TDI\Debug\link.write.1.tlog
C:\Users\Juanka\Desktop\Tratamiento imagenes\prácticasTDI\TDI\Debug\link-cvtres.read.1.tlog
C:\Users\Juanka\Desktop\Tratamiento imagenes\prácticasTDI\TDI\Debug\link-cvtres.write.1.tlog
C:\Users\Juanka\Desktop\Tratamiento imagenes\prácticasTDI\TDI\Debug\mt.command.1.tlog
C:\Users\Juanka\Desktop\Tratamiento imagenes\prácticasTDI\TDI\Debug\mt.read.1.tlog
C:\Users\Juanka\Desktop\Tratamiento imagenes\prácticasTDI\TDI\Debug\mt.write.1.tlog
C:\Users\Juanka\Desktop\Tratamiento imagenes\prácticasTDI\TDI\Debug\rc.command.1.tlog
C:\Users\Juanka\Desktop\Tratamiento imagenes\prácticasTDI\TDI\Debug\rc.read.1.tlog
C:\Users\Juanka\Desktop\Tratamiento imagenes\prácticasTDI\TDI\Debug\rc.write.1.tlog
C:\USERS\JUANKA\DESKTOP\TRATAMIENTO IMAGENES\PRáCTICASTDI\TDI\DEBUG\TDI PRUEBA.OBJ
C:\USERS\JUANKA\DESKTOP\TRATAMIENTO IMAGENES\PRáCTICASTDI\TDI\DEBUG\TDI.EXE.EMBED.MANIFEST
C:\USERS\JUANKA\DESKTOP\TRATAMIENTO IMAGENES\PRáCTICASTDI\TDI\DEBUG\TDI.EXE.EMBED.MANIFEST.RES
C:\USERS\JUANKA\DESKTOP\TRATAMIENTO IMAGENES\PRáCTICASTDI\TDI\DEBUG\TDI.EXE.INTERMEDIATE.MANIFEST
C:\USERS\JUANKA\DESKTOP\TRATAMIENTO IMAGENES\PRáCTICASTDI\TDI\DEBUG\TDI.OBJ
C:\Users\Juanka\Desktop\Tratamiento imagenes\prácticasTDI\TDI\Debug\TDI_manifest.rc
C:\USERS\JUANKA\DESKTOP\TRATAMIENTO IMAGENES\PRáCTICASTDI\TDI\DEBUG\TEST.OBJ
C:\Users\Juanka\Desktop\Tratamiento imagenes\prácticasTDI\TDI\Debug\vc100.idb
C:\USERS\JUANKA\DESKTOP\TRATAMIENTO IMAGENES\PRÁCTICASTDI\TDI\DEBUG\VC100.PDB
